0 info it worked if it ends with ok
1 verbose cli [ 'C:\\Program Files\\nodejs\\node.exe',
1 verbose cli   'C:\\Users\\heng.yon\\AppData\\Roaming\\npm\\node_modules\\npm\\bin\\npm-cli.js',
1 verbose cli   'run',
1 verbose cli   'client' ]
2 info using npm@3.10.9
3 info using node@v6.9.1
4 verbose run-script [ 'preclient', 'client', 'postclient' ]
5 info lifecycle lab06-sockets@1.0.0~preclient: lab06-sockets@1.0.0
6 silly lifecycle lab06-sockets@1.0.0~preclient: no script for preclient, continuing
7 info lifecycle lab06-sockets@1.0.0~client: lab06-sockets@1.0.0
8 verbose lifecycle lab06-sockets@1.0.0~client: unsafe-perm in lifecycle true
9 verbose lifecycle lab06-sockets@1.0.0~client: PATH: C:\Users\heng.yon\AppData\Roaming\npm\node_modules\npm\bin\node-gyp-bin;C:\Users\heng.yon\Documents\Info498\lab06-sockets\node_modules\.bin;C:\Users\heng.yon\bin;C:\Program Files\Git\mingw64\bin;C:\Program Files\Git\usr\local\bin;C:\Program Files\Git\usr\bin;C:\Program Files\Git\usr\bin;C:\Program Files\Git\mingw64\bin;C:\Program Files\Git\usr\bin;C:\Users\heng.yon\bin;C:\ProgramData\Oracle\Java\javapath;C:\Program Files\Microsoft MPI\Bin;C:\windows\system32;C:\windows;C:\windows\System32\Wbem;C:\windows\System32\WindowsPowerShell\v1.0;C:\Program Files (x86)\Microsoft SQL Server\130\Tools\Binn;C:\Program Files (x86)\Microsoft SQL Server\130\DTS\Binn;C:\Program Files (x86)\Microsoft SQL Server\Client SDK\ODBC\130\Tools\Binn;C:\Program Files (x86)\Microsoft SQL Server\130\Tools\Binn\ManagementStudio;C:\Program Files\Microsoft SQL Server\130\Tools\Binn;C:\Program Files\Microsoft SQL Server\130\DTS\Binn;C:\Program Files\Microsoft SQL Server\Client SDK\ODBC\130\Tools\Binn;C:\Program Files\Microsoft SQL Server\120\Tools\Binn;C:\Program Files (x86)\Microsoft SDKs\Azure\CLI\wbin;C:\Program Files\Microsoft SDKs\Service Fabric\Tools\ServiceFabricLocalClusterManager;C:\Program Files\nodejs;C:\Program Files\Git\cmd;C:\Users\heng.yon\.dnx\bin;C:\Users\heng.yon\AppData\Roaming\npm;C:\Program Files (x86)\Microsoft VS Code\bin;C:\Program Files\Git\usr\bin\vendor_perl;C:\Program Files\Git\usr\bin\core_perl
10 verbose lifecycle lab06-sockets@1.0.0~client: CWD: C:\Users\heng.yon\Documents\Info498\lab06-sockets
11 silly lifecycle lab06-sockets@1.0.0~client: Args: [ '/d /s /c', 'node build/client.js' ]
12 silly lifecycle lab06-sockets@1.0.0~client: Returned: code: 1  signal: null
13 info lifecycle lab06-sockets@1.0.0~client: Failed to exec client script
14 verbose stack Error: lab06-sockets@1.0.0 client: `node build/client.js`
14 verbose stack Exit status 1
14 verbose stack     at EventEmitter.<anonymous> (C:\Users\heng.yon\AppData\Roaming\npm\node_modules\npm\lib\utils\lifecycle.js:255:16)
14 verbose stack     at emitTwo (events.js:106:13)
14 verbose stack     at EventEmitter.emit (events.js:191:7)
14 verbose stack     at ChildProcess.<anonymous> (C:\Users\heng.yon\AppData\Roaming\npm\node_modules\npm\lib\utils\spawn.js:40:14)
14 verbose stack     at emitTwo (events.js:106:13)
14 verbose stack     at ChildProcess.emit (events.js:191:7)
14 verbose stack     at maybeClose (internal/child_process.js:877:16)
14 verbose stack     at Process.ChildProcess._handle.onexit (internal/child_process.js:226:5)
15 verbose pkgid lab06-sockets@1.0.0
16 verbose cwd C:\Users\heng.yon\Documents\Info498\lab06-sockets
17 error Windows_NT 10.0.10586
18 error argv "C:\\Program Files\\nodejs\\node.exe" "C:\\Users\\heng.yon\\AppData\\Roaming\\npm\\node_modules\\npm\\bin\\npm-cli.js" "run" "client"
19 error node v6.9.1
20 error npm  v3.10.9
21 error code ELIFECYCLE
22 error lab06-sockets@1.0.0 client: `node build/client.js`
22 error Exit status 1
23 error Failed at the lab06-sockets@1.0.0 client script 'node build/client.js'.
23 error Make sure you have the latest version of node.js and npm installed.
23 error If you do, this is most likely a problem with the lab06-sockets package,
23 error not with npm itself.
23 error Tell the author that this fails on your system:
23 error     node build/client.js
23 error You can get information on how to open an issue for this project with:
23 error     npm bugs lab06-sockets
23 error Or if that isn't available, you can get their info via:
23 error     npm owner ls lab06-sockets
23 error There is likely additional logging output above.
24 verbose exit [ 1, true ]
